# JRE version: OpenJDK Runtime Environment (11.0.11+9) (build 11.0.11+9-b60-7590822)
# Java VM: OpenJDK 64-Bit Server VM (11.0.11+9-b60-7590822, mixed mode, tiered, compressed oops, g1 gc, windows-amd64)
Heap:
 garbage-first heap   total 439296K, used 182720K [0x0000000080000000, 0x0000000100000000)
  region size 1024K, 11 young (11264K), 3 survivors (3072K)
 Metaspace       used 157709K, capacity 162910K, committed 163148K, reserved 1191936K
  class space    used 19146K, capacity 20995K, committed 21068K, reserved 1048576K
GC Heap History (20 events):
Event: 13308.865 GC heap after
{Heap after GC invocations=253 (full 0):
 garbage-first heap   total 231424K, used 151208K [0x0000000080000000, 0x0000000100000000)
  region size 1024K, 2 young (2048K), 2 survivors (2048K)
 Metaspace       used 157154K, capacity 162347K, committed 162636K, reserved 1191936K
  class space    used 19115K, capacity 20942K, committed 21068K, reserved 1048576K
}
Event: 13335.880 GC heap before
{Heap before GC invocations=254 (full 0):
 garbage-first heap   total 231424K, used 192168K [0x0000000080000000, 0x0000000100000000)
  region size 1024K, 41 young (41984K), 2 survivors (2048K)
 Metaspace       used 157252K, capacity 162380K, committed 162636K, reserved 1191936K
  class space    used 19121K, capacity 20952K, committed 21068K, reserved 1048576K
}
Event: 13335.981 GC heap after
{Heap after GC invocations=255 (full 0):
 garbage-first heap   total 231424K, used 160435K [0x0000000080000000, 0x0000000100000000)
  region size 1024K, 6 young (6144K), 6 survivors (6144K)
 Metaspace       used 157252K, capacity 162380K, committed 162636K, reserved 1191936K
  class space    used 19121K, capacity 20952K, committed 21068K, reserved 1048576K
}
Event: 13337.752 GC heap before
{Heap before GC invocations=255 (full 0):
 garbage-first heap   total 231424K, used 164531K [0x0000000080000000, 0x0000000100000000)
  region size 1024K, 11 young (11264K), 6 survivors (6144K)
 Metaspace       used 157254K, capacity 162380K, committed 162636K, reserved 1191936K
  class space    used 19121K, capacity 20952K, committed 21068K, reserved 1048576K
}
Event: 13337.808 GC heap after
{Heap after GC invocations=256 (full 0):
 garbage-first heap   total 231424K, used 157562K [0x0000000080000000, 0x0000000100000000)
  region size 1024K, 2 young (2048K), 2 survivors (2048K)
 Metaspace       used 157254K, capacity 162380K, committed 162636K, reserved 1191936K
  class space    used 19121K, capacity 20952K, committed 21068K, reserved 1048576K
}
Event: 13346.560 GC heap before
{Heap before GC invocations=256 (full 0):
 garbage-first heap   total 231424K, used 191354K [0x0000000080000000, 0x0000000100000000)
  region size 1024K, 35 young (35840K), 2 survivors (2048K)
 Metaspace       used 157293K, capacity 162511K, committed 162636K, reserved 1191936K
  class space    used 19123K, capacity 20952K, committed 21068K, reserved 1048576K
}
Event: 13347.530 GC heap after
{Heap after GC invocations=257 (full 0):
 garbage-first heap   total 231424K, used 163827K [0x0000000080000000, 0x0000000100000000)
  region size 1024K, 5 young (5120K), 5 survivors (5120K)
 Metaspace       used 157293K, capacity 162511K, committed 162636K, reserved 1191936K
  class space    used 19123K, capacity 20952K, committed 21068K, reserved 1048576K
}
Event: 13350.569 GC heap before
{Heap before GC invocations=257 (full 0):
 garbage-first heap   total 231424K, used 169971K [0x0000000080000000, 0x0000000100000000)
  region size 1024K, 11 young (11264K), 5 survivors (5120K)
 Metaspace       used 157317K, capacity 162512K, committed 162636K, reserved 1191936K
  class space    used 19124K, capacity 20952K, committed 21068K, reserved 1048576K
}
Event: 13351.114 GC heap after
{Heap after GC invocations=258 (full 0):
 garbage-first heap   total 231424K, used 165833K [0x0000000080000000, 0x0000000100000000)
  region size 1024K, 2 young (2048K), 2 survivors (2048K)
 Metaspace       used 157317K, capacity 162512K, committed 162636K, reserved 1191936K
  class space    used 19124K, capacity 20952K, committed 21068K, reserved 1048576K
}
Event: 13355.436 GC heap before
{Heap before GC invocations=259 (full 0):
 garbage-first heap   total 231424K, used 175049K [0x0000000080000000, 0x0000000100000000)
  region size 1024K, 11 young (11264K), 2 survivors (2048K)
 Metaspace       used 157369K, capacity 162576K, committed 162892K, reserved 1191936K
  class space    used 19124K, capacity 20952K, committed 21068K, reserved 1048576K
}
Event: 13356.597 GC heap after
{Heap after GC invocations=260 (full 0):
 garbage-first heap   total 439296K, used 165913K [0x0000000080000000, 0x0000000100000000)
  region size 1024K, 2 young (2048K), 2 survivors (2048K)
 Metaspace       used 157369K, capacity 162576K, committed 162892K, reserved 1191936K
  class space    used 19124K, capacity 20952K, committed 21068K, reserved 1048576K
}
Event: 13358.469 GC heap before
{Heap before GC invocations=260 (full 0):
 garbage-first heap   total 439296K, used 184345K [0x0000000080000000, 0x0000000100000000)
  region size 1024K, 21 young (21504K), 2 survivors (2048K)
 Metaspace       used 157504K, capacity 162706K, committed 162892K, reserved 1191936K
  class space    used 19124K, capacity 20952K, committed 21068K, reserved 1048576K
}
Event: 13358.518 GC heap after
{Heap after GC invocations=261 (full 0):
 garbage-first heap   total 439296K, used 166875K [0x0000000080000000, 0x0000000100000000)
  region size 1024K, 3 young (3072K), 3 survivors (3072K)
 Metaspace       used 157504K, capacity 162706K, committed 162892K, reserved 1191936K
  class space    used 19124K, capacity 20952K, committed 21068K, reserved 1048576K
}
Event: 13358.744 GC heap before
{Heap before GC invocations=261 (full 0):
 garbage-first heap   total 439296K, used 168923K [0x0000000080000000, 0x0000000100000000)
  region size 1024K, 7 young (7168K), 3 survivors (3072K)
 Metaspace       used 157509K, capacity 162712K, committed 162892K, reserved 1191936K
  class space    used 19124K, capacity 20953K, committed 21068K, reserved 1048576K
}
Event: 13358.749 GC heap after
{Heap after GC invocations=262 (full 0):
 garbage-first heap   total 439296K, used 166738K [0x0000000080000000, 0x0000000100000000)
  region size 1024K, 2 young (2048K), 2 survivors (2048K)
 Metaspace       used 157509K, capacity 162712K, committed 162892K, reserved 1191936K
  class space    used 19124K, capacity 20953K, committed 21068K, reserved 1048576K
}
Event: 13360.142 GC heap before
{Heap before GC invocations=263 (full 0):
 garbage-first heap   total 439296K, used 189266K [0x0000000080000000, 0x0000000100000000)
  region size 1024K, 21 young (21504K), 2 survivors (2048K)
 Metaspace       used 157527K, capacity 162724K, committed 162892K, reserved 1191936K
  class space    used 19125K, capacity 20955K, committed 21068K, reserved 1048576K
}
Event: 13360.167 GC heap after
{Heap after GC invocations=264 (full 0):
 garbage-first heap   total 439296K, used 170934K [0x0000000080000000, 0x0000000100000000)
  region size 1024K, 3 young (3072K), 3 survivors (3072K)
 Metaspace       used 157527K, capacity 162724K, committed 162892K, reserved 1191936K
  class space    used 19125K, capacity 20955K, committed 21068K, reserved 1048576K
}
Event: 13360.394 GC heap before
{Heap before GC invocations=264 (full 0):
 garbage-first heap   total 439296K, used 189366K [0x0000000080000000, 0x0000000100000000)
  region size 1024K, 21 young (21504K), 3 survivors (3072K)
 Metaspace       used 157537K, capacity 162726K, committed 162892K, reserved 1191936K
  class space    used 19125K, capacity 20955K, committed 21068K, reserved 1048576K
}
Event: 13360.413 GC heap after
{Heap after GC invocations=265 (full 0):
 garbage-first heap   total 439296K, used 177486K [0x0000000080000000, 0x0000000100000000)
  region size 1024K, 3 young (3072K), 3 survivors (3072K)
 Metaspace       used 157537K, capacity 162726K, committed 162892K, reserved 1191936K
  class space    used 19125K, capacity 20955K, committed 21068K, reserved 1048576K
}
Event: 13361.665 GC heap before
{Heap before GC invocations=266 (full 0):
 garbage-first heap   total 439296K, used 191822K [0x0000000080000000, 0x0000000100000000)
  region size 1024K, 21 young (21504K), 3 survivors (3072K)
 Metaspace       used 157603K, capacity 162791K, committed 163148K, reserved 1191936K
  class space    used 19130K, capacity 20955K, committed 21068K, reserved 1048576K
}

