# JRE version: OpenJDK Runtime Environment (11.0.11+9) (build 11.0.11+9-b60-7590822)
# Java VM: OpenJDK 64-Bit Server VM (11.0.11+9-b60-7590822, mixed mode, tiered, compressed oops, g1 gc, windows-amd64)
Heap:
 garbage-first heap   total 232448K, used 181028K [0x0000000080000000, 0x0000000100000000)
  region size 1024K, 8 young (8192K), 2 survivors (2048K)
 Metaspace       used 119031K, capacity 122322K, committed 122444K, reserved 1155072K
  class space    used 14895K, capacity 16084K, committed 16204K, reserved 1048576K
GC Heap History (20 events):
Event: 104.800 GC heap before
{Heap before GC invocations=61 (full 0):
 garbage-first heap   total 232448K, used 175954K [0x0000000080000000, 0x0000000100000000)
  region size 1024K, 56 young (57344K), 5 survivors (5120K)
 Metaspace       used 112272K, capacity 115352K, committed 115660K, reserved 1148928K
  class space    used 14124K, capacity 15207K, committed 15308K, reserved 1048576K
}
Event: 104.814 GC heap after
{Heap after GC invocations=62 (full 0):
 garbage-first heap   total 232448K, used 128527K [0x0000000080000000, 0x0000000100000000)
  region size 1024K, 7 young (7168K), 7 survivors (7168K)
 Metaspace       used 112272K, capacity 115352K, committed 115660K, reserved 1148928K
  class space    used 14124K, capacity 15207K, committed 15308K, reserved 1048576K
}
Event: 106.032 GC heap before
{Heap before GC invocations=63 (full 0):
 garbage-first heap   total 232448K, used 179727K [0x0000000080000000, 0x0000000100000000)
  region size 1024K, 58 young (59392K), 7 survivors (7168K)
 Metaspace       used 114259K, capacity 117442K, committed 117452K, reserved 1150976K
  class space    used 14419K, capacity 15562K, committed 15564K, reserved 1048576K
}
Event: 106.047 GC heap after
{Heap after GC invocations=64 (full 0):
 garbage-first heap   total 232448K, used 132852K [0x0000000080000000, 0x0000000100000000)
  region size 1024K, 8 young (8192K), 8 survivors (8192K)
 Metaspace       used 114259K, capacity 117442K, committed 117452K, reserved 1150976K
  class space    used 14419K, capacity 15562K, committed 15564K, reserved 1048576K
}
Event: 123.746 GC heap before
{Heap before GC invocations=64 (full 0):
 garbage-first heap   total 232448K, used 184052K [0x0000000080000000, 0x0000000100000000)
  region size 1024K, 59 young (60416K), 8 survivors (8192K)
 Metaspace       used 115652K, capacity 118869K, committed 118988K, reserved 1153024K
  class space    used 14567K, capacity 15728K, committed 15820K, reserved 1048576K
}
Event: 123.769 GC heap after
{Heap after GC invocations=65 (full 0):
 garbage-first heap   total 232448K, used 139158K [0x0000000080000000, 0x0000000100000000)
  region size 1024K, 7 young (7168K), 7 survivors (7168K)
 Metaspace       used 115652K, capacity 118869K, committed 118988K, reserved 1153024K
  class space    used 14567K, capacity 15728K, committed 15820K, reserved 1048576K
}
Event: 128.196 GC heap before
{Heap before GC invocations=66 (full 0):
 garbage-first heap   total 232448K, used 189334K [0x0000000080000000, 0x0000000100000000)
  region size 1024K, 54 young (55296K), 7 survivors (7168K)
 Metaspace       used 115852K, capacity 119061K, committed 119244K, reserved 1153024K
  class space    used 14567K, capacity 15728K, committed 15820K, reserved 1048576K
}
Event: 128.213 GC heap after
{Heap after GC invocations=67 (full 0):
 garbage-first heap   total 232448K, used 155648K [0x0000000080000000, 0x0000000100000000)
  region size 1024K, 7 young (7168K), 7 survivors (7168K)
 Metaspace       used 115852K, capacity 119061K, committed 119244K, reserved 1153024K
  class space    used 14567K, capacity 15728K, committed 15820K, reserved 1048576K
}
Event: 128.798 GC heap before
{Heap before GC invocations=67 (full 0):
 garbage-first heap   total 232448K, used 158720K [0x0000000080000000, 0x0000000100000000)
  region size 1024K, 11 young (11264K), 7 survivors (7168K)
 Metaspace       used 115871K, capacity 119061K, committed 119244K, reserved 1153024K
  class space    used 14567K, capacity 15728K, committed 15820K, reserved 1048576K
}
Event: 128.808 GC heap after
{Heap after GC invocations=68 (full 0):
 garbage-first heap   total 232448K, used 154112K [0x0000000080000000, 0x0000000100000000)
  region size 1024K, 2 young (2048K), 2 survivors (2048K)
 Metaspace       used 115871K, capacity 119061K, committed 119244K, reserved 1153024K
  class space    used 14567K, capacity 15728K, committed 15820K, reserved 1048576K
}
Event: 129.691 GC heap before
{Heap before GC invocations=68 (full 0):
 garbage-first heap   total 232448K, used 181760K [0x0000000080000000, 0x0000000100000000)
  region size 1024K, 31 young (31744K), 2 survivors (2048K)
 Metaspace       used 116534K, capacity 119841K, committed 120140K, reserved 1153024K
  class space    used 14626K, capacity 15815K, committed 15948K, reserved 1048576K
}
Event: 129.703 GC heap after
{Heap after GC invocations=69 (full 0):
 garbage-first heap   total 232448K, used 156569K [0x0000000080000000, 0x0000000100000000)
  region size 1024K, 5 young (5120K), 5 survivors (5120K)
 Metaspace       used 116534K, capacity 119841K, committed 120140K, reserved 1153024K
  class space    used 14626K, capacity 15815K, committed 15948K, reserved 1048576K
}
Event: 131.641 GC heap before
{Heap before GC invocations=70 (full 0):
 garbage-first heap   total 232448K, used 195481K [0x0000000080000000, 0x0000000100000000)
  region size 1024K, 36 young (36864K), 5 survivors (5120K)
 Metaspace       used 118235K, capacity 121490K, committed 121548K, reserved 1155072K
  class space    used 14848K, capacity 16045K, committed 16076K, reserved 1048576K
}
Event: 131.664 GC heap after
{Heap after GC invocations=71 (full 0):
 garbage-first heap   total 232448K, used 159548K [0x0000000080000000, 0x0000000100000000)
  region size 1024K, 4 young (4096K), 4 survivors (4096K)
 Metaspace       used 118235K, capacity 121490K, committed 121548K, reserved 1155072K
  class space    used 14848K, capacity 16045K, committed 16076K, reserved 1048576K
}
Event: 132.083 GC heap before
{Heap before GC invocations=71 (full 0):
 garbage-first heap   total 232448K, used 165692K [0x0000000080000000, 0x0000000100000000)
  region size 1024K, 11 young (11264K), 4 survivors (4096K)
 Metaspace       used 118764K, capacity 122043K, committed 122188K, reserved 1155072K
  class space    used 14884K, capacity 16079K, committed 16204K, reserved 1048576K
}
Event: 132.092 GC heap after
{Heap after GC invocations=72 (full 0):
 garbage-first heap   total 232448K, used 158374K [0x0000000080000000, 0x0000000100000000)
  region size 1024K, 1 young (1024K), 1 survivors (1024K)
 Metaspace       used 118764K, capacity 122043K, committed 122188K, reserved 1155072K
  class space    used 14884K, capacity 16079K, committed 16204K, reserved 1048576K
}
Event: 133.065 GC heap before
{Heap before GC invocations=72 (full 0):
 garbage-first heap   total 232448K, used 191142K [0x0000000080000000, 0x0000000100000000)
  region size 1024K, 33 young (33792K), 1 survivors (1024K)
 Metaspace       used 118880K, capacity 122188K, committed 122444K, reserved 1155072K
  class space    used 14887K, capacity 16082K, committed 16204K, reserved 1048576K
}
Event: 133.068 GC heap after
{Heap after GC invocations=73 (full 0):
 garbage-first heap   total 232448K, used 158220K [0x0000000080000000, 0x0000000100000000)
  region size 1024K, 1 young (1024K), 1 survivors (1024K)
 Metaspace       used 118880K, capacity 122188K, committed 122444K, reserved 1155072K
  class space    used 14887K, capacity 16082K, committed 16204K, reserved 1048576K
}
Event: 133.500 GC heap before
{Heap before GC invocations=74 (full 0):
 garbage-first heap   total 232448K, used 193036K [0x0000000080000000, 0x0000000100000000)
  region size 1024K, 35 young (35840K), 1 survivors (1024K)
 Metaspace       used 118886K, capacity 122188K, committed 122444K, reserved 1155072K
  class space    used 14887K, capacity 16082K, committed 16204K, reserved 1048576K
}
Event: 133.502 GC heap after
{Heap after GC invocations=75 (full 0):
 garbage-first heap   total 232448K, used 158104K [0x0000000080000000, 0x0000000100000000)
  region size 1024K, 1 young (1024K), 1 survivors (1024K)
 Metaspace       used 118886K, capacity 122188K, committed 122444K, reserved 1155072K
  class space    used 14887K, capacity 16082K, committed 16204K, reserved 1048576K
}

